{"contracts\\CompositionCopyright.sol":{"l":{"16":3,"17":1,"18":1,"19":1,"25":34,"27":15,"30":19,"31":19,"32":11,"34":8,"36":19,"43":87,"48":26,"49":26,"51":64,"52":33,"54":31,"57":26,"63":10,"64":10,"65":10,"66":10,"68":8,"69":8,"71":8,"73":20,"74":12,"76":8,"80":8,"81":8,"82":8,"87":2,"88":2,"89":1,"91":2,"99":6,"100":6,"101":6,"102":6,"103":4,"105":2,"107":2,"108":2,"112":17,"113":17},"path":"C:\\Users\\Caleb\\Desktop\\school\\advanced smart countract\\assignment\\compositionCopyright\\contracts\\CompositionCopyright.sol","s":{"1":3,"2":1,"3":1,"4":1,"5":34,"6":15,"7":19,"8":19,"9":11,"10":8,"11":19,"12":87,"13":26,"14":26,"15":64,"16":33,"17":31,"18":26,"19":10,"20":10,"21":10,"22":10,"23":8,"24":8,"25":8,"26":20,"27":12,"28":8,"29":8,"30":8,"31":8,"32":2,"33":2,"34":1,"35":2,"36":6,"37":6,"38":6,"39":6,"40":4,"41":2,"42":2,"43":2,"44":17},"b":{"1":[1,2],"2":[15,19],"3":[11,8],"4":[33,31],"5":[24,2],"6":[8,2],"7":[12,8],"8":[4,2],"9":[2,2]},"f":{"1":3,"2":34,"3":87,"4":26,"5":10,"6":2,"7":6,"8":17},"fnMap":{"1":{"name":"initMyCollection","line":15,"loc":{"start":{"line":15,"column":4},"end":{"line":20,"column":4}}},"2":{"name":"leafHash","line":24,"loc":{"start":{"line":24,"column":4},"end":{"line":39,"column":4}}},"3":{"name":"nodeHash","line":42,"loc":{"start":{"line":42,"column":4},"end":{"line":44,"column":4}}},"4":{"name":"verify","line":47,"loc":{"start":{"line":47,"column":4},"end":{"line":58,"column":4}}},"5":{"name":"updateLeaf","line":62,"loc":{"start":{"line":62,"column":4},"end":{"line":83,"column":4}}},"6":{"name":"getEmptyTreeRootHash","line":85,"loc":{"start":{"line":85,"column":4},"end":{"line":92,"column":4}}},"7":{"name":"expandTree","line":98,"loc":{"start":{"line":98,"column":4},"end":{"line":109,"column":4}}},"8":{"name":"getTime","line":111,"loc":{"start":{"line":111,"column":4},"end":{"line":116,"column":4}}}},"statementMap":{"1":{"start":{"line":16,"column":8},"end":{"line":16,"column":92}},"2":{"start":{"line":17,"column":8},"end":{"line":17,"column":113}},"3":{"start":{"line":18,"column":8},"end":{"line":18,"column":50}},"4":{"start":{"line":19,"column":8},"end":{"line":19,"column":49}},"5":{"start":{"line":25,"column":8},"end":{"line":25,"column":944}},"6":{"start":{"line":27,"column":12},"end":{"line":27,"column":65}},"7":{"start":{"line":30,"column":12},"end":{"line":30,"column":30}},"8":{"start":{"line":31,"column":12},"end":{"line":31,"column":1295}},"9":{"start":{"line":32,"column":16},"end":{"line":32,"column":33}},"10":{"start":{"line":34,"column":16},"end":{"line":34,"column":38}},"11":{"start":{"line":36,"column":12},"end":{"line":36,"column":77}},"12":{"start":{"line":43,"column":8},"end":{"line":43,"column":68}},"13":{"start":{"line":48,"column":8},"end":{"line":48,"column":56}},"14":{"start":{"line":49,"column":8},"end":{"line":49,"column":1966}},"15":{"start":{"line":51,"column":12},"end":{"line":51,"column":2063}},"16":{"start":{"line":52,"column":16},"end":{"line":52,"column":64}},"17":{"start":{"line":54,"column":16},"end":{"line":54,"column":64}},"18":{"start":{"line":57,"column":8},"end":{"line":57,"column":73}},"19":{"start":{"line":63,"column":8},"end":{"line":63,"column":33}},"20":{"start":{"line":64,"column":8},"end":{"line":64,"column":51}},"21":{"start":{"line":65,"column":8},"end":{"line":65,"column":51}},"22":{"start":{"line":66,"column":8},"end":{"line":66,"column":73}},"23":{"start":{"line":68,"column":8},"end":{"line":68,"column":117}},"24":{"start":{"line":69,"column":8},"end":{"line":69,"column":56}},"25":{"start":{"line":71,"column":8},"end":{"line":71,"column":3017}},"26":{"start":{"line":73,"column":12},"end":{"line":73,"column":3114}},"27":{"start":{"line":74,"column":16},"end":{"line":74,"column":64}},"28":{"start":{"line":76,"column":16},"end":{"line":76,"column":64}},"29":{"start":{"line":80,"column":8},"end":{"line":80,"column":30}},"30":{"start":{"line":81,"column":8},"end":{"line":81,"column":47}},"31":{"start":{"line":82,"column":8},"end":{"line":82,"column":51}},"32":{"start":{"line":87,"column":8},"end":{"line":87,"column":105}},"33":{"start":{"line":88,"column":8},"end":{"line":88,"column":3762}},"34":{"start":{"line":89,"column":12},"end":{"line":89,"column":59}},"35":{"start":{"line":91,"column":8},"end":{"line":91,"column":26}},"36":{"start":{"line":99,"column":8},"end":{"line":99,"column":57}},"37":{"start":{"line":100,"column":8},"end":{"line":100,"column":39}},"38":{"start":{"line":101,"column":8},"end":{"line":101,"column":53}},"39":{"start":{"line":102,"column":8},"end":{"line":102,"column":69}},"40":{"start":{"line":103,"column":8},"end":{"line":103,"column":82}},"41":{"start":{"line":105,"column":8},"end":{"line":105,"column":79}},"42":{"start":{"line":107,"column":8},"end":{"line":107,"column":45}},"43":{"start":{"line":108,"column":8},"end":{"line":108,"column":45}},"44":{"start":{"line":112,"column":8},"end":{"line":112,"column":73}}},"branchMap":{"1":{"line":16,"type":"if","locations":[{"start":{"line":16,"column":8},"end":{"line":16,"column":8}},{"start":{"line":16,"column":8},"end":{"line":16,"column":8}}]},"2":{"line":25,"type":"if","locations":[{"start":{"line":25,"column":8},"end":{"line":25,"column":8}},{"start":{"line":25,"column":8},"end":{"line":25,"column":8}}]},"3":{"line":31,"type":"if","locations":[{"start":{"line":31,"column":12},"end":{"line":31,"column":12}},{"start":{"line":31,"column":12},"end":{"line":31,"column":12}}]},"4":{"line":51,"type":"if","locations":[{"start":{"line":51,"column":12},"end":{"line":51,"column":12}},{"start":{"line":51,"column":12},"end":{"line":51,"column":12}}]},"5":{"line":57,"type":"if","locations":[{"start":{"line":57,"column":8},"end":{"line":57,"column":8}},{"start":{"line":57,"column":8},"end":{"line":57,"column":8}}]},"6":{"line":66,"type":"if","locations":[{"start":{"line":66,"column":8},"end":{"line":66,"column":8}},{"start":{"line":66,"column":8},"end":{"line":66,"column":8}}]},"7":{"line":73,"type":"if","locations":[{"start":{"line":73,"column":12},"end":{"line":73,"column":12}},{"start":{"line":73,"column":12},"end":{"line":73,"column":12}}]},"8":{"line":102,"type":"if","locations":[{"start":{"line":102,"column":8},"end":{"line":102,"column":8}},{"start":{"line":102,"column":8},"end":{"line":102,"column":8}}]},"9":{"line":103,"type":"if","locations":[{"start":{"line":103,"column":8},"end":{"line":103,"column":8}},{"start":{"line":103,"column":8},"end":{"line":103,"column":8}}]}}}}