TN:
SF:C:\Users\Caleb\Desktop\school\advanced smart countract\assignment\compositionCopyright\contracts\CompositionCopyright.sol
FN:15,initMyCollection
FN:24,leafHash
FN:42,nodeHash
FN:47,verify
FN:62,updateLeaf
FN:85,getEmptyTreeRootHash
FN:98,expandTree
FN:111,getTime
FNF:8
FNH:8
FNDA:3,initMyCollection
FNDA:34,leafHash
FNDA:87,nodeHash
FNDA:26,verify
FNDA:10,updateLeaf
FNDA:2,getEmptyTreeRootHash
FNDA:6,expandTree
FNDA:17,getTime
DA:16,3
DA:17,1
DA:18,1
DA:19,1
DA:25,34
DA:27,15
DA:30,19
DA:31,19
DA:32,11
DA:34,8
DA:36,19
DA:43,87
DA:48,26
DA:49,26
DA:51,64
DA:52,33
DA:54,31
DA:57,26
DA:63,10
DA:64,10
DA:65,10
DA:66,10
DA:68,8
DA:69,8
DA:71,8
DA:73,20
DA:74,12
DA:76,8
DA:80,8
DA:81,8
DA:82,8
DA:87,2
DA:88,2
DA:89,1
DA:91,2
DA:99,6
DA:100,6
DA:101,6
DA:102,6
DA:103,4
DA:105,2
DA:107,2
DA:108,2
DA:112,17
DA:113,17
LF:45
LH:45
BRDA:16,1,0,1
BRDA:16,1,1,2
BRDA:25,2,0,15
BRDA:25,2,1,19
BRDA:31,3,0,11
BRDA:31,3,1,8
BRDA:51,4,0,33
BRDA:51,4,1,31
BRDA:57,5,0,24
BRDA:57,5,1,2
BRDA:66,6,0,8
BRDA:66,6,1,2
BRDA:73,7,0,12
BRDA:73,7,1,8
BRDA:102,8,0,4
BRDA:102,8,1,2
BRDA:103,9,0,2
BRDA:103,9,1,2
BRF:18
BRH:18
end_of_record
